<?xml version="1.0" encoding="UTF-8"?>
<!-- Generated by org.testng.reporters.JUnitXMLReporter -->
<testsuite hostname="user-PC" name="exampletest2" tests="1" failures="1" timestamp="17 Jul 2014 10:46:56 GMT" time="0.004" errors="0">
  <testcase name="testPrint2Message" time="0.001" classname="com.assignment52.TestNGSuiteTest.Test2">
    <failure type="java.lang.AssertionError" message="expected [Hirevathi] but found [Hi!revathi]">
      <![CDATA[java.lang.AssertionError: expected [Hirevathi] but found [Hi!revathi]
	at com.assignment52.TestNGSuiteTest.Test2.testPrint2Message(Test2.java:16)
... Removed 29 stack frames]]>
    </failure>
  </testcase> <!-- testPrint2Message -->
</testsuite> <!-- exampletest2 -->
